1511144988800	geckodriver	INFO	Listening on 127.0.0.1:17176
1511144999708	geckodriver	INFO	Listening on 127.0.0.1:17204
1511145030325	geckodriver	INFO	Listening on 127.0.0.1:17228
1511146308022	geckodriver	INFO	Listening on 127.0.0.1:18660
1511147059863	geckodriver	INFO	Listening on 127.0.0.1:19306
1511147212610	geckodriver	INFO	Listening on 127.0.0.1:19436
1511148488915	geckodriver	INFO	Listening on 127.0.0.1:2041
1511148659901	geckodriver	INFO	Listening on 127.0.0.1:2086
1511148886616	geckodriver	INFO	Listening on 127.0.0.1:2225
1511148896033	geckodriver	INFO	Listening on 127.0.0.1:2240
1511149212104	geckodriver	INFO	Listening on 127.0.0.1:2415
1511149315703	geckodriver	INFO	Listening on 127.0.0.1:2435
1511149429353	geckodriver	INFO	Listening on 127.0.0.1:2782
1511149607122	geckodriver	INFO	Listening on 127.0.0.1:2807
1511150901036	geckodriver	INFO	Listening on 127.0.0.1:1856
1511150902627	mozprofile::profile	INFO	Using profile path C:\Users\shj\AppData\Local\Temp\rust_mozprofile.fLciOT1kJNyc
1511150902667	geckodriver::marionette	INFO	Starting browser C:\Program Files\Mozilla Firefox\firefox.exe
1511150902990	geckodriver::marionette	INFO	Connecting to Marionette on localhost:1863
1511150914945	Marionette	INFO	Listening on port 1863
1511150917342	Marionette	WARN	TLS certificate errors will be ignored for this session
JavaScript error: https://ss1.bdstatic.com/5eN1bjq8AAUYm2zgoY3K/r/www/cache/static/protocol/https/plugins/every_cookie_4644b13.js, line 4: ReferenceError: c is not defined
[Child 10700] WARNING: pipe error: 109: file c:/builds/moz2_slave/m-esr52-w64-000000000000000000/build/src/ipc/chromium/src/chrome/common/ipc_channel_win.cc, line 345
[Child 10700] WARNING: pipe error: 109: file c:/builds/moz2_slave/m-esr52-w64-000000000000000000/build/src/ipc/chromium/src/chrome/common/ipc_channel_win.cc, line 345
 to Marionette on localhost:2012
1511150940668	Marionette	INFO	Listening on port 2012
1511150942171	Marionette	WARN	TLS certificate errors will be ignored for this session
JavaScript error: https://ss1.bdstatic.com/5eN1bjq8AAUYm2zgoY3K/r/www/cache/static/protocol/https/plugins/every_cookie_4644b13.js, line 4: ReferenceError: c is not defined
[Child 13232] WARNING: pipe error: 109: file c:/builds/moz2_slave/m-esr52-w64-000000000000000000/build/src/ipc/chromium/src/chrome/common/ipc_channel_win.cc, line 345
[Child 13232] WARNING: pipe error: 109: file c:/builds/moz2_slave/m-esr52-w64-000000000000000000/build/src/ipc/chromium/src/chrome/common/ipc_channel_win.cc, line 345
1511161653184	geckodriver	INFO	Listening on 127.0.0.1:9326
1511161655167	mozprofile::profile	INFO	Using profile path C:\Users\shj\AppData\Local\Temp\rust_mozprofile.N10F0yZOlUx1
1511161655169	geckodriver::marionette	INFO	Starting browser C:\Program Files\Mozilla Firefox\firefox.exe
1511161655185	geckodriver::marionette	INFO	Connecting to Marionette on localhost:9332
1511161656547	Marionette	INFO	Listening on port 9332
1511161657492	Marionette	WARN	TLS certificate errors will be ignored for this session
[Child 7120] WARNING: pipe error: 109: file c:/builds/moz2_slave/m-esr52-w64-000000000000000000/build/src/ipc/chromium/src/chrome/common/ipc_channel_win.cc, line 345
[Child 7120] WARNING: pipe error: 109: file c:/builds/moz2_slave/m-esr52-w64-000000000000000000/build/src/ipc/chromium/src/chrome/common/ipc_channel_win.cc, line 345
1511162432238	geckodriver	INFO	Listening on 127.0.0.1:12953
1511162434232	mozprofile::profile	INFO	Using profile path C:\Users\shj\AppData\Local\Temp\rust_mozprofile.kQysSCtaWZY8
1511162434239	geckodriver::marionette	INFO	Starting browser C:\Program Files\Mozilla Firefox\firefox.exe
1511162434284	geckodriver::marionette	INFO	Connecting to Marionette on localhost:12975
1511162435405	Marionette	INFO	Listening on port 12975
1511162436473	Marionette	WARN	TLS certificate errors will be ignored for this session
JavaScript error: https://ss1.bdstatic.com/5eN1bjq8AAUYm2zgoY3K/r/www/cache/static/protocol/https/plugins/every_cookie_4644b13.js, line 4: ReferenceError: c is not defined
JavaScript error: https://sp0.baidu.com/5a1Fazu8AA54nxGko9WTAnF6hhy/su?wd=%E6%88%91%E8%A6%81%E8%87%AA%E5%AD%A6&json=1&p=3&sid=1427_24866_21111_17001_25145_20930&req=2&csor=4&pwd=%E6%88%91%E8%A6%81%E8%87%AA&cb=jQuery110205357762053150518_1511162438805&_=1511162438810, line 1: TypeError: jQuery110205357762053150518_1511162438805 is not a function
[Child 3844] WARNING: pipe error: 109: file c:/builds/moz2_slave/m-esr52-w64-000000000000000000/build/src/ipc/chromium/src/chrome/common/ipc_channel_win.cc, line 345
[Child 3844] WARNING: pipe error: 109: file c:/builds/moz2_slave/m-esr52-w64-000000000000000000/build/src/ipc/chromium/src/chrome/common/ipc_channel_win.cc, line 345
ing to Marionette on localhost:13173
1511162462576	Marionette	INFO	Listening on port 13173
1511162463702	Marionette	WARN	TLS certificate errors will be ignored for this session
JavaScript error: https://ss1.bdstatic.com/5eN1bjq8AAUYm2zgoY3K/r/www/cache/static/protocol/https/plugins/every_cookie_4644b13.js, line 4: ReferenceError: c is not defined
JavaScript error: https://sp0.baidu.com/5a1Fazu8AA54nxGko9WTAnF6hhy/su?wd=%E6%88%91&json=1&p=3&sid=1436_21083_18560_20930&req=2&csor=1&cb=jQuery1102012424270590552056_1511162466259&_=1511162466261, line 1: TypeError: jQuery1102012424270590552056_1511162466259 is not a function
JavaScript error: https://sp0.baidu.com/5a1Fazu8AA54nxGko9WTAnF6hhy/su?wd=%E6%88%91%E8%A6%81&json=1&p=3&sid=1436_21083_18560_20930&req=2&csor=2&pwd=%E6%88%91&cb=jQuery1102012424270590552056_1511162466259&_=1511162466262, line 1: TypeError: jQuery1102012424270590552056_1511162466259 is not a function
JavaScript error: https://sp0.baidu.com/5a1Fazu8AA54nxGko9WTAnF6hhy/su?wd=%E6%88%91%E8%A6%81%E8%87%AA&json=1&p=3&sid=1436_21083_18560_20930&req=2&csor=3&pwd=%E6%88%91%E8%A6%81&cb=jQuery1102012424270590552056_1511162466259&_=1511162466263, line 1: TypeError: jQuery1102012424270590552056_1511162466259 is not a function
JavaScript error: https://sp0.baidu.com/5a1Fazu8AA54nxGko9WTAnF6hhy/su?wd=%E6%88%91%E8%A6%81%E8%87%AA%E5%AD%A6&json=1&p=3&sid=1436_21083_18560_20930&req=2&csor=4&pwd=%E6%88%91%E8%A6%81%E8%87%AA&cb=jQuery1102012424270590552056_1511162466259&_=1511162466264, line 1: TypeError: jQuery1102012424270590552056_1511162466259 is not a function
JavaScript error: https://sp0.baidu.com/5a1Fazu8AA54nxGko9WTAnF6hhy/su?wd=%E6%88%91%E8%A6%81%E8%87%AA%E5%AD%A6%E7%BD%91&json=1&p=3&sid=1436_21083_18560_20930&req=2&csor=5&pwd=%E6%88%91%E8%A6%81%E8%87%AA%E5%AD%A6&cb=jQuery1102012424270590552056_1511162466259&_=1511162466265, line 1: TypeError: jQuery1102012424270590552056_1511162466259 is not a function
[Child 8616] WARNING: pipe error: 109: file c:/builds/moz2_slave/m-esr52-w64-000000000000000000/build/src/ipc/chromium/src/chrome/common/ipc_channel_win.cc, line 345
1511163427489	geckodriver	INFO	Listening on 127.0.0.1:17284
1511163429470	mozprofile::profile	INFO	Using profile path C:\Users\shj\AppData\Local\Temp\rust_mozprofile.3zmZqDDxRsD2
1511163429472	geckodriver::marionette	INFO	Starting browser C:\Program Files\Mozilla Firefox\firefox.exe
1511163429498	geckodriver::marionette	INFO	Connecting to Marionette on localhost:17306
1511163430888	Marionette	INFO	Listening on port 17306
1511163431898	Marionette	WARN	TLS certificate errors will be ignored for this session
JavaScript error: https://ss1.bdstatic.com/5eN1bjq8AAUYm2zgoY3K/r/www/cache/static/protocol/https/plugins/every_cookie_4644b13.js, line 4: ReferenceError: c is not defined
JavaScript error: , line 0: Error: Permission denied to access property "href"
JavaScript error: , line 0: Error: Permission denied to access property "href"
JavaScript error: , line 0: Error: Permission denied to access property "href"
JavaScript error: , line 0: Error: Permission denied to access property "href"
JavaScript error: , line 0: Error: Permission denied to access property "href"
JavaScript error: , line 0: Error: Permission denied to access property "href"
JavaScript error: , line 0: Error: Permission denied to access property "href"
JavaScript error: , line 0: Error: Permission denied to access property "href"
JavaScript error: , line 0: Error: Permission denied to access property "href"
[Child 6212] WARNING: pipe error: 109: file c:/builds/moz2_slave/m-esr52-w64-000000000000000000/build/src/ipc/chromium/src/chrome/common/ipc_channel_win.cc, line 345
[Child 6212] WARNING: pipe error: 109: file c:/builds/moz2_slave/m-esr52-w64-000000000000000000/build/src/ipc/chromium/src/chrome/common/ipc_channel_win.cc, line 345
1511163463426	geckodriver	INFO	Listening on 127.0.0.1:17843
1511163465412	mozprofile::profile	INFO	Using profile path C:\Users\shj\AppData\Local\Temp\rust_mozprofile.RWWcSnHXWCjW
1511163465417	geckodriver::marionette	INFO	Starting browser C:\Program Files\Mozilla Firefox\firefox.exe
1511163465443	geckodriver::marionette	INFO	Connecting to Marionette on localhost:17849
1511163466661	Marionette	INFO	Listening on port 17849
1511163467895	Marionette	WARN	TLS certificate errors will be ignored for this session
JavaScript error: , line 0: Error: Permission denied to access property "href"
JavaScript error: , line 0: Error: Permission denied to access property "href"
JavaScript error: , line 0: Error: Permission denied to access property "href"
JavaScript error: , line 0: Error: Permission denied to access property "href"
JavaScript error: , line 0: Error: Permission denied to access property "href"
[Child 5568] WARNING: pipe error: 232: file c:/builds/moz2_slave/m-esr52-w64-000000000000000000/build/src/ipc/chromium/src/chrome/common/ipc_channel_win.cc, line 512
[Child 5568] ###!!! ABORT: Aborting on channel error.: file c:/builds/moz2_slave/m-esr52-w64-000000000000000000/build/src/ipc/glue/MessageChannel.cpp, line 2152
1511164301082	geckodriver	INFO	Listening on 127.0.0.1:22071
1511164303077	mozprofile::profile	INFO	Using profile path C:\Users\shj\AppData\Local\Temp\rust_mozprofile.id1W9D7uyKkV
1511164303085	geckodriver::marionette	INFO	Starting browser C:\Program Files\Mozilla Firefox\firefox.exe
1511164303142	geckodriver::marionette	INFO	Connecting to Marionette on localhost:22077
1511164304310	Marionette	INFO	Listening on port 22077
1511164305213	Marionette	WARN	TLS certificate errors will be ignored for this session
JavaScript error: http://bdimg.share.baidu.com/static/api/js/trans/logger.js?v=d16ec0e3.js, line 1: TypeError: n.ajax.request is not a function
[Child 9452] WARNING: pipe error: 109: file c:/builds/moz2_slave/m-esr52-w64-000000000000000000/build/src/ipc/chromium/src/chrome/common/ipc_channel_win.cc, line 345
1511164363227	geckodriver	INFO	Listening on 127.0.0.1:22376
1511164365211	mozprofile::profile	INFO	Using profile path C:\Users\shj\AppData\Local\Temp\rust_mozprofile.iIv7ZMWyCdtw
1511164365213	geckodriver::marionette	INFO	Starting browser C:\Program Files\Mozilla Firefox\firefox.exe
1511164365231	geckodriver::marionette	INFO	Connecting to Marionette on localhost:22382
1511164366506	Marionette	INFO	Listening on port 22382
1511164367530	Marionette	WARN	TLS certificate errors will be ignored for this session
JavaScript error: http://bdimg.share.baidu.com/static/api/js/trans/logger.js?v=d16ec0e3.js, line 1: TypeError: n.ajax.request is not a function
1511164388767	geckodriver	INFO	Listening on 127.0.0.1:22648
1511164390759	mozprofile::profile	INFO	Using profile path C:\Users\shj\AppData\Local\Temp\rust_mozprofile.MUs1rKh1wydb
1511164390764	geckodriver::marionette	INFO	Starting browser C:\Program Files\Mozilla Firefox\firefox.exe
1511164390802	geckodriver::marionette	INFO	Connecting to Marionette on localhost:22670
1511164392244	Marionette	INFO	Listening on port 22670
1511164393466	Marionette	WARN	TLS certificate errors will be ignored for this session
JavaScript error: http://bdimg.share.baidu.com/static/api/js/trans/logger.js?v=d16ec0e3.js, line 1: TypeError: n.ajax.request is not a function
1511164457371	addons.productaddons	WARN	Failed downloading via XHR, status: 0, reason: error
C:\Program Files\Mozilla Firefox\firefox.exe
1511164428651	geckodriver::marionette	INFO	Connecting to Marionette on localhost:22917
1511164429994	Marionette	INFO	Listening on port 22917
1511164431031	Marionette	WARN	TLS certificate errors will be ignored for this session
JavaScript error: http://bdimg.share.baidu.com/static/api/js/trans/logger.js?v=d16ec0e3.js, line 1: TypeError: n.ajax.request is not a function
[Child 6780] WARNING: pipe error: 109: file c:/builds/moz2_slave/m-esr52-w64-000000000000000000/build/src/ipc/chromium/src/chrome/common/ipc_channel_win.cc, line 345
1511164843916	geckodriver	INFO	Listening on 127.0.0.1:25284
1511164845909	mozprofile::profile	INFO	Using profile path C:\Users\shj\AppData\Local\Temp\rust_mozprofile.3U5lrrQoQkeO
1511164845917	geckodriver::marionette	INFO	Starting browser C:\Program Files\Mozilla Firefox\firefox.exe
1511164845962	geckodriver::marionette	INFO	Connecting to Marionette on localhost:25290
1511164847268	Marionette	INFO	Listening on port 25290
1511164848169	Marionette	WARN	TLS certificate errors will be ignored for this session
JavaScript error: http://bdimg.share.baidu.com/static/api/js/trans/logger.js?v=d16ec0e3.js, line 1: TypeError: n.ajax.request is not a function
[Child 9272] WARNING: pipe error: 109: file c:/builds/moz2_slave/m-esr52-w64-000000000000000000/build/src/ipc/chromium/src/chrome/common/ipc_channel_win.cc, line 345
1511164872765	geckodriver	INFO	Listening on 127.0.0.1:25667
1511164874764	mozprofile::profile	INFO	Using profile path C:\Users\shj\AppData\Local\Temp\rust_mozprofile.kKT5ovovdvZX
1511164874772	geckodriver::marionette	INFO	Starting browser C:\Program Files\Mozilla Firefox\firefox.exe
1511164874802	geckodriver::marionette	INFO	Connecting to Marionette on localhost:25681
1511164876158	Marionette	INFO	Listening on port 25681
1511164877233	Marionette	WARN	TLS certificate errors will be ignored for this session
JavaScript error: http://bdimg.share.baidu.com/static/api/js/trans/logger.js?v=d16ec0e3.js, line 1: TypeError: n.ajax.request is not a function
[Child 7144] WARNING: pipe error: 109: file c:/builds/moz2_slave/m-esr52-w64-000000000000000000/build/src/ipc/chromium/src/chrome/common/ipc_channel_win.cc, line 345
1511164974481	geckodriver	INFO	Listening on 127.0.0.1:26476
1511165020485	geckodriver	INFO	Listening on 127.0.0.1:26644
1511165022477	mozprofile::profile	INFO	Using profile path C:\Users\shj\AppData\Local\Temp\rust_mozprofile.3t5gTEqCLZoG
1511165022485	geckodriver::marionette	INFO	Starting browser C:\Program Files\Mozilla Firefox\firefox.exe
1511165022523	geckodriver::marionette	INFO	Connecting to Marionette on localhost:26650
1511165023864	Marionette	INFO	Listening on port 26650
1511165024870	Marionette	WARN	TLS certificate errors will be ignored for this session
JavaScript error: chrome://marionette/content/listener.js, line 921: TypeError: can't access dead object
1511165408395	geckodriver	INFO	Listening on 127.0.0.1:28610
1511165410387	mozprofile::profile	INFO	Using profile path C:\Users\shj\AppData\Local\Temp\rust_mozprofile.VlUlUWEUOw0t
1511165410393	geckodriver::marionette	INFO	Starting browser C:\Program Files\Mozilla Firefox\firefox.exe
1511165410424	geckodriver::marionette	INFO	Connecting to Marionette on localhost:28616
1511165411701	Marionette	INFO	Listening on port 28616
1511165412598	Marionette	WARN	TLS certificate errors will be ignored for this session
JavaScript error: https://ss1.bdstatic.com/5eN1bjq8AAUYm2zgoY3K/r/www/cache/static/protocol/https/plugins/every_cookie_4644b13.js, line 4: ReferenceError: c is not defined
[Child 10020] WARNING: pipe error: 109: file c:/builds/moz2_slave/m-esr52-w64-000000000000000000/build/src/ipc/chromium/src/chrome/common/ipc_channel_win.cc, line 345
[Child 10020] WARNING: pipe error: 109: file c:/builds/moz2_slave/m-esr52-w64-000000000000000000/build/src/ipc/chromium/src/chrome/common/ipc_channel_win.cc, line 345
g to Marionette on localhost:29139
1511165494080	Marionette	INFO	Listening on port 29139
1511165495194	Marionette	WARN	TLS certificate errors will be ignored for this session
JavaScript error: https://ss1.bdstatic.com/5eN1bjq8AAUYm2zgoY3K/r/www/cache/static/protocol/https/plugins/every_cookie_4644b13.js, line 4: ReferenceError: c is not defined
[Child 7096] WARNING: pipe error: 109: file c:/builds/moz2_slave/m-esr52-w64-000000000000000000/build/src/ipc/chromium/src/chrome/common/ipc_channel_win.cc, line 345
1511165795327	geckodriver	INFO	Listening on 127.0.0.1:30583
1511165797318	mozprofile::profile	INFO	Using profile path C:\Users\shj\AppData\Local\Temp\rust_mozprofile.0pPfD8RzpjRg
1511165797325	geckodriver::marionette	INFO	Starting browser C:\Program Files\Mozilla Firefox\firefox.exe
1511165797356	geckodriver::marionette	INFO	Connecting to Marionette on localhost:30598
1511165798717	Marionette	INFO	Listening on port 30598
1511165799714	Marionette	WARN	TLS certificate errors will be ignored for this session
JavaScript error: https://ss1.bdstatic.com/5eN1bjq8AAUYm2zgoY3K/r/www/cache/static/protocol/https/plugins/every_cookie_4644b13.js, line 4: ReferenceError: c is not defined
1511165802793	Marionette	INFO	New connections will no longer be accepted
[Child 12636] ###!!! ABORT: Aborting on channel error.: file c:/builds/moz2_slave/m-esr52-w64-000000000000000000/build/src/ipc/glue/MessageChannel.cpp, line 2152
1511165810988	geckodriver	INFO	Listening on 127.0.0.1:30682
1511165812983	mozprofile::profile	INFO	Using profile path C:\Users\shj\AppData\Local\Temp\rust_mozprofile.4naspK53pH8v
1511165812992	geckodriver::marionette	INFO	Starting browser C:\Program Files\Mozilla Firefox\firefox.exe
1511165813020	geckodriver::marionette	INFO	Connecting to Marionette on localhost:30712
1511165814466	Marionette	INFO	Listening on port 30712
1511165815496	Marionette	WARN	TLS certificate errors will be ignored for this session
JavaScript error: https://ss1.bdstatic.com/5eN1bjq8AAUYm2zgoY3K/r/www/cache/static/protocol/https/plugins/every_cookie_4644b13.js, line 4: ReferenceError: c is not defined
JavaScript error: resource://gre/components/nsUrlClassifierListManager.js, line 536: TypeError: this.tablesData[table] is undefined
[Child 11088] WARNING: pipe error: 109: file c:/builds/moz2_slave/m-esr52-w64-000000000000000000/build/src/ipc/chromium/src/chrome/common/ipc_channel_win.cc, line 345
[Child 11088] WARNING: pipe error: 109: file c:/builds/moz2_slave/m-esr52-w64-000000000000000000/build/src/ipc/chromium/src/chrome/common/ipc_channel_win.cc, line 345
1511165868430	geckodriver	INFO	Listening on 127.0.0.1:31080
1511165870425	mozprofile::profile	INFO	Using profile path C:\Users\shj\AppData\Local\Temp\rust_mozprofile.7WKOOdS9IiBO
1511165870432	geckodriver::marionette	INFO	Starting browser C:\Program Files\Mozilla Firefox\firefox.exe
1511165870488	geckodriver::marionette	INFO	Connecting to Marionette on localhost:31102
1511165871819	Marionette	INFO	Listening on port 31102
1511165872883	Marionette	WARN	TLS certificate errors will be ignored for this session
JavaScript error: https://ss1.bdstatic.com/5eN1bjq8AAUYm2zgoY3K/r/www/cache/static/protocol/https/plugins/every_cookie_4644b13.js, line 4: ReferenceError: c is not defined
1511165892347	geckodriver	INFO	Listening on 127.0.0.1:31317
1511165894325	mozprofile::profile	INFO	Using profile path C:\Users\shj\AppData\Local\Temp\rust_mozprofile.Ai9QpACmogSr
1511165894328	geckodriver::marionette	INFO	Starting browser C:\Program Files\Mozilla Firefox\firefox.exe
1511165894344	geckodriver::marionette	INFO	Connecting to Marionette on localhost:31331
1511165895629	Marionette	INFO	Listening on port 31331
1511165896553	Marionette	WARN	TLS certificate errors will be ignored for this session
JavaScript error: https://ss1.bdstatic.com/5eN1bjq8AAUYm2zgoY3K/r/www/cache/static/protocol/https/plugins/every_cookie_4644b13.js, line 4: ReferenceError: c is not defined
[Child 7488] WARNING: pipe error: 109: file c:/builds/moz2_slave/m-esr52-w64-000000000000000000/build/src/ipc/chromium/src/chrome/common/ipc_channel_win.cc, line 345
1511166942102	geckodriver	INFO	Listening on 127.0.0.1:35658
1511166944096	mozprofile::profile	INFO	Using profile path C:\Users\shj\AppData\Local\Temp\rust_mozprofile.a6Fw4ncR1PYU
1511166944104	geckodriver::marionette	INFO	Starting browser C:\Program Files\Mozilla Firefox\firefox.exe
1511166944142	geckodriver::marionette	INFO	Connecting to Marionette on localhost:35672
1511166945659	Marionette	INFO	Listening on port 35672
1511166946586	Marionette	WARN	TLS certificate errors will be ignored for this session
JavaScript error: https://ss1.bdstatic.com/5eN1bjq8AAUYm2zgoY3K/r/www/cache/static/protocol/https/plugins/every_cookie_4644b13.js, line 4: ReferenceError: c is not defined
[Child 9472] WARNING: pipe error: 109: file c:/builds/moz2_slave/m-esr52-w64-000000000000000000/build/src/ipc/chromium/src/chrome/common/ipc_channel_win.cc, line 345
[Child 9472] WARNING: pipe error: 109: file c:/builds/moz2_slave/m-esr52-w64-000000000000000000/build/src/ipc/chromium/src/chrome/common/ipc_channel_win.cc, line 345
ing to Marionette on localhost:35883
1511166988743	Marionette	INFO	Listening on port 35883
1511166989795	Marionette	WARN	TLS certificate errors will be ignored for this session
JavaScript error: https://ss1.bdstatic.com/5eN1bjq8AAUYm2zgoY3K/r/www/cache/static/protocol/https/plugins/every_cookie_4644b13.js, line 4: ReferenceError: c is not defined
1511167054002	addons.productaddons	WARN	Failed downloading via XHR, status: 0, reason: error
[Child 12396] WARNING: pipe error: 109: file c:/builds/moz2_slave/m-esr52-w64-000000000000000000/build/src/ipc/chromium/src/chrome/common/ipc_channel_win.cc, line 345
[Child 12396] WARNING: pipe error: 109: file c:/builds/moz2_slave/m-esr52-w64-000000000000000000/build/src/ipc/chromium/src/chrome/common/ipc_channel_win.cc, line 345
1511167276555	geckodriver	INFO	Listening on 127.0.0.1:37577
1511167278539	mozprofile::profile	INFO	Using profile path C:\Users\shj\AppData\Local\Temp\rust_mozprofile.o9EP21dp8Vlt
1511167278542	geckodriver::marionette	INFO	Starting browser C:\Program Files\Mozilla Firefox\firefox.exe
1511167278561	geckodriver::marionette	INFO	Connecting to Marionette on localhost:37599
1511167279782	Marionette	INFO	Listening on port 37599
1511167280587	Marionette	WARN	TLS certificate errors will be ignored for this session
JavaScript error: https://ss1.bdstatic.com/5eN1bjq8AAUYm2zgoY3K/r/www/cache/static/protocol/https/plugins/every_cookie_4644b13.js, line 4: ReferenceError: c is not defined
[Child 13308] WARNING: pipe error: 109: file c:/builds/moz2_slave/m-esr52-w64-000000000000000000/build/src/ipc/chromium/src/chrome/common/ipc_channel_win.cc, line 345
[Child 13308] WARNING: pipe error: 109: file c:/builds/moz2_slave/m-esr52-w64-000000000000000000/build/src/ipc/chromium/src/chrome/common/ipc_channel_win.cc, line 345
1511167412689	geckodriver	INFO	Listening on 127.0.0.1:38343
1511167414681	mozprofile::profile	INFO	Using profile path C:\Users\shj\AppData\Local\Temp\rust_mozprofile.uUBy9PYrYIpY
1511167414689	geckodriver::marionette	INFO	Starting browser C:\Program Files\Mozilla Firefox\firefox.exe
1511167414721	geckodriver::marionette	INFO	Connecting to Marionette on localhost:38357
1511167416006	Marionette	INFO	Listening on port 38357
1511167416888	Marionette	WARN	TLS certificate errors will be ignored for this session
JavaScript error: https://ss1.bdstatic.com/5eN1bjq8AAUYm2zgoY3K/r/www/cache/static/protocol/https/plugins/every_cookie_4644b13.js, line 4: ReferenceError: c is not defined
1511167477149	geckodriver	INFO	Listening on 127.0.0.1:38646
1511167479135	mozprofile::profile	INFO	Using profile path C:\Users\shj\AppData\Local\Temp\rust_mozprofile.2Y8it6E1Wnj6
1511167479138	geckodriver::marionette	INFO	Starting browser C:\Program Files\Mozilla Firefox\firefox.exe
1511167479156	geckodriver::marionette	INFO	Connecting to Marionette on localhost:38657
1511167480385	Marionette	INFO	Listening on port 38657
1511167481449	Marionette	WARN	TLS certificate errors will be ignored for this session
JavaScript error: https://ss1.bdstatic.com/5eN1bjq8AAUYm2zgoY3K/r/www/cache/static/protocol/https/plugins/every_cookie_4644b13.js, line 4: ReferenceError: c is not defined
[Child 11424] WARNING: pipe error: 109: file c:/builds/moz2_slave/m-esr52-w64-000000000000000000/build/src/ipc/chromium/src/chrome/common/ipc_channel_win.cc, line 345
[Child 11424] WARNING: pipe error: 109: file c:/builds/moz2_slave/m-esr52-w64-000000000000000000/build/src/ipc/chromium/src/chrome/common/ipc_channel_win.cc, line 345
g to Marionette on localhost:39015
1511167520727	Marionette	INFO	Listening on port 39015
1511167521613	Marionette	WARN	TLS certificate errors will be ignored for this session
JavaScript error: https://ss1.bdstatic.com/5eN1bjq8AAUYm2zgoY3K/r/www/cache/static/protocol/https/plugins/every_cookie_4644b13.js, line 4: ReferenceError: c is not defined
[Child 12840] WARNING: pipe error: 109: file c:/builds/moz2_slave/m-esr52-w64-000000000000000000/build/src/ipc/chromium/src/chrome/common/ipc_channel_win.cc, line 345
[Child 12840] WARNING: pipe error: 109: file c:/builds/moz2_slave/m-esr52-w64-000000000000000000/build/src/ipc/chromium/src/chrome/common/ipc_channel_win.cc, line 345
1511169166247	geckodriver	INFO	Listening on 127.0.0.1:47395
1511169168239	mozprofile::profile	INFO	Using profile path C:\Users\shj\AppData\Local\Temp\rust_mozprofile.RaeCQcGTX4aM
1511169168247	geckodriver::marionette	INFO	Starting browser C:\Program Files\Mozilla Firefox\firefox.exe
1511169168297	geckodriver::marionette	INFO	Connecting to Marionette on localhost:47401
1511169169502	Marionette	INFO	Listening on port 47401
1511169170401	Marionette	WARN	TLS certificate errors will be ignored for this session
JavaScript error: https://ss1.bdstatic.com/5eN1bjq8AAUYm2zgoY3K/r/www/cache/static/protocol/https/plugins/every_cookie_4644b13.js, line 4: ReferenceError: c is not defined
[Child 4644] WARNING: pipe error: 109: file c:/builds/moz2_slave/m-esr52-w64-000000000000000000/build/src/ipc/chromium/src/chrome/common/ipc_channel_win.cc, line 345
1511169185383	geckodriver	INFO	Listening on 127.0.0.1:47571
1511169187378	mozprofile::profile	INFO	Using profile path C:\Users\shj\AppData\Local\Temp\rust_mozprofile.HPb03W5ebBg6
1511169187386	geckodriver::marionette	INFO	Starting browser C:\Program Files\Mozilla Firefox\firefox.exe
1511169187420	geckodriver::marionette	INFO	Connecting to Marionette on localhost:47601
1511169188597	Marionette	INFO	Listening on port 47601
1511169189612	Marionette	WARN	TLS certificate errors will be ignored for this session
[Child 14260] WARNING: pipe error: 109: file c:/builds/moz2_slave/m-esr52-w64-000000000000000000/build/src/ipc/chromium/src/chrome/common/ipc_channel_win.cc, line 345
[Child 14260] WARNING: pipe error: 109: file c:/builds/moz2_slave/m-esr52-w64-000000000000000000/build/src/ipc/chromium/src/chrome/common/ipc_channel_win.cc, line 345
1511169376385	geckodriver	INFO	Listening on 127.0.0.1:48577
1511169378381	mozprofile::profile	INFO	Using profile path C:\Users\shj\AppData\Local\Temp\rust_mozprofile.goR9PIq3Kgpn
1511169378388	geckodriver::marionette	INFO	Starting browser C:\Program Files\Mozilla Firefox\firefox.exe
1511169378449	geckodriver::marionette	INFO	Connecting to Marionette on localhost:48591
1511169379750	Marionette	INFO	Listening on port 48591
1511169380766	Marionette	WARN	TLS certificate errors will be ignored for this session
JavaScript error: https://ss1.bdstatic.com/5eN1bjq8AAUYm2zgoY3K/r/www/cache/static/protocol/https/plugins/every_cookie_4644b13.js, line 4: ReferenceError: c is not defined
[Child 9268] WARNING: pipe error: 109: file c:/builds/moz2_slave/m-esr52-w64-000000000000000000/build/src/ipc/chromium/src/chrome/common/ipc_channel_win.cc, line 345
[Child 9268] WARNING: pipe error: 109: file c:/builds/moz2_slave/m-esr52-w64-000000000000000000/build/src/ipc/chromium/src/chrome/common/ipc_channel_win.cc, line 345
1511172241013	geckodriver	INFO	Listening on 127.0.0.1:60888
1511172243007	mozprofile::profile	INFO	Using profile path C:\Users\shj\AppData\Local\Temp\rust_mozprofile.ymsrKavJjZCo
1511172243013	geckodriver::marionette	INFO	Starting browser C:\Program Files\Mozilla Firefox\firefox.exe
1511172243039	geckodriver::marionette	INFO	Connecting to Marionette on localhost:60902
1511172244360	Marionette	INFO	Listening on port 60902
1511172245308	Marionette	WARN	TLS certificate errors will be ignored for this session
JavaScript error: https://ss1.bdstatic.com/5eN1bjq8AAUYm2zgoY3K/r/www/cache/static/protocol/https/plugins/every_cookie_4644b13.js, line 4: ReferenceError: c is not defined
[Child 12476] WARNING: pipe error: 109: file c:/builds/moz2_slave/m-esr52-w64-000000000000000000/build/src/ipc/chromium/src/chrome/common/ipc_channel_win.cc, line 345
1JB2QtrE6q
1511172262324	geckodriver::marionette	INFO	Starting browser C:\Program Files\Mozilla Firefox\firefox.exe
1511172262360	geckodriver::marionette	INFO	Connecting to Marionette on localhost:60996
1511172263636	Marionette	INFO	Listening on port 60996
1511172264602	Marionette	WARN	TLS certificate errors will be ignored for this session
[Child 6776] WARNING: pipe error: 109: file c:/builds/moz2_slave/m-esr52-w64-000000000000000000/build/src/ipc/chromium/src/chrome/common/ipc_channel_win.cc, line 345
[Child 6776] WARNING: pipe error: 109: file c:/builds/moz2_slave/m-esr52-w64-000000000000000000/build/src/ipc/chromium/src/chrome/common/ipc_channel_win.cc, line 345
1511230851747	geckodriver	INFO	Listening on 127.0.0.1:1030
1511230853727	mozprofile::profile	INFO	Using profile path C:\Users\shj\AppData\Local\Temp\rust_mozprofile.qbS6gdpDtqv7
1511230853734	geckodriver::marionette	INFO	Starting browser C:\Program Files\Mozilla Firefox\firefox.exe
1511230853791	geckodriver::marionette	INFO	Connecting to Marionette on localhost:1036
1511230855295	Marionette	INFO	Listening on port 1036
1511230856182	Marionette	WARN	TLS certificate errors will be ignored for this session
JavaScript error: https://ss1.bdstatic.com/5eN1bjq8AAUYm2zgoY3K/r/www/cache/static/protocol/https/plugins/every_cookie_4644b13.js, line 4: ReferenceError: c is not defined
JavaScript error: http://bdimg.share.baidu.com/static/api/js/trans/logger.js?v=d16ec0e3.js, line 1: TypeError: n.ajax.request is not a function
JavaScript error: http://bdimg.share.baidu.com/static/api/js/trans/logger.js?v=d16ec0e3.js, line 1: TypeError: n.ajax.request is not a function
JavaScript warning: http://pos.baidu.com/gcwm?rdid=1481588&dc=3&di=u1481588&dri=0&dis=0&dai=1&ps=400x1049&enu=encoding&dcb=___adblockplus&dtm=HTML_POST&dvi=0.0&dci=-1&dpt=none&tsr=0&tpr=1511233571574&ti=4-18%20%E9%94%AE%E7%9B%98%E6%93%8D%E4%BD%9C%EF%BC%882%EF%BC%89-%E6%88%91%E8%A6%81%E8%87%AA%E5%AD%A6%E7%BD%91&ari=2&dbv=0&drs=1&pcs=1259x687&pss=1259x1159&cfv=27&cpl=1&chi=1&cce=true&cec=gbk&tlm=1511233571&rw=687&ltu=http%3A%2F%2Fwww.51zxw.net%2Fshow.aspx%3Fid%3D60693%26cid%3D615&ltr=http%3A%2F%2Fwww.51zxw.net%2Flist.aspx%3Fpage%3D3%26cid%3D615&ecd=1&uc=1440x860&pis=-1x-1&sr=1440x900&tcn=1511233572&qn=b56ecd0e18ed71a4&tt=1511233571549.34.69.72, line 118: unreachable code after return statement
JavaScript warning: http://pos.baidu.com/gcwm?rdid=1481588&dc=3&di=u1481588&dri=0&dis=0&dai=1&ps=400x1049&enu=encoding&dcb=___adblockplus&dtm=HTML_POST&dvi=0.0&dci=-1&dpt=none&tsr=0&tpr=1511233571574&ti=4-18%20%E9%94%AE%E7%9B%98%E6%93%8D%E4%BD%9C%EF%BC%882%EF%BC%89-%E6%88%91%E8%A6%81%E8%87%AA%E5%AD%A6%E7%BD%91&ari=2&dbv=0&drs=1&pcs=1259x687&pss=1259x1159&cfv=27&cpl=1&chi=1&cce=true&cec=gbk&tlm=1511233571&rw=687&ltu=http%3A%2F%2Fwww.51zxw.net%2Fshow.aspx%3Fid%3D60693%26cid%3D615&ltr=http%3A%2F%2Fwww.51zxw.net%2Flist.aspx%3Fpage%3D3%26cid%3D615&ecd=1&uc=1440x860&pis=-1x-1&sr=1440x900&tcn=1511233572&qn=b56ecd0e18ed71a4&tt=1511233571549.34.69.72, line 118: unreachable code after return statement
JavaScript warning: http://pos.baidu.com/mcsm?rdid=1481588&dc=3&di=u1481588&dri=0&dis=0&dai=1&ps=400x1049&enu=encoding&dcb=___adblockplus&dtm=HTML_POST&dvi=0.0&dci=-1&dpt=none&tsr=0&tpr=1511233573695&ti=4-19%20%E5%85%83%E7%B4%A0%E7%AD%89%E5%BE%85%E2%80%94%E6%98%BE%E7%A4%BA%E7%AD%89%E5%BE%85%EF%BC%881%EF%BC%89-%E6%88%91%E8%A6%81%E8%87%AA%E5%AD%A6%E7%BD%91&ari=2&dbv=0&drs=1&pcs=1259x687&pss=1259x1165&cfv=27&cpl=1&chi=1&cce=true&cec=gbk&tlm=1511233573&rw=687&ltu=http%3A%2F%2Fwww.51zxw.net%2Fshow.aspx%3Fid%3D60694%26cid%3D615&ltr=http%3A%2F%2Fwww.51zxw.net%2Flist.aspx%3Fpage%3D3%26cid%3D615&ecd=1&uc=1440x860&pis=-1x-1&sr=1440x900&tcn=1511233574&qn=b56ecd0e18ed71a4&tt=1511233573673.25.26.27, line 118: unreachable code after return statement
JavaScript warning: http://pos.baidu.com/mcsm?rdid=1481588&dc=3&di=u1481588&dri=0&dis=0&dai=1&ps=400x1049&enu=encoding&dcb=___adblockplus&dtm=HTML_POST&dvi=0.0&dci=-1&dpt=none&tsr=0&tpr=1511233573695&ti=4-19%20%E5%85%83%E7%B4%A0%E7%AD%89%E5%BE%85%E2%80%94%E6%98%BE%E7%A4%BA%E7%AD%89%E5%BE%85%EF%BC%881%EF%BC%89-%E6%88%91%E8%A6%81%E8%87%AA%E5%AD%A6%E7%BD%91&ari=2&dbv=0&drs=1&pcs=1259x687&pss=1259x1165&cfv=27&cpl=1&chi=1&cce=true&cec=gbk&tlm=1511233573&rw=687&ltu=http%3A%2F%2Fwww.51zxw.net%2Fshow.aspx%3Fid%3D60694%26cid%3D615&ltr=http%3A%2F%2Fwww.51zxw.net%2Flist.aspx%3Fpage%3D3%26cid%3D615&ecd=1&uc=1440x860&pis=-1x-1&sr=1440x900&tcn=1511233574&qn=b56ecd0e18ed71a4&tt=1511233573673.25.26.27, line 118: unreachable code after return statement
JavaScript error: http://www.51zxw.net/show.aspx?id=60693&cid=615, line 203: TypeError: form.memberName is undefined
JavaScript error: http://bdimg.share.baidu.com/static/api/js/trans/logger.js?v=d16ec0e3.js, line 1: TypeError: n.ajax.request is not a function
JavaScript error: http://bdimg.share.baidu.com/static/api/js/trans/logger.js?v=d16ec0e3.js, line 1: TypeError: n.ajax.request is not a function
JavaScript warning: http://pos.baidu.com/scum?rdid=1481588&dc=3&di=u1481588&dri=0&dis=0&dai=1&ps=400x1049&enu=encoding&dcb=___adblockplus&dtm=HTML_POST&dvi=0.0&dci=-1&dpt=none&tsr=0&tpr=1511234678198&ti=4-19%20%E5%85%83%E7%B4%A0%E7%AD%89%E5%BE%85%E2%80%94%E6%98%BE%E7%A4%BA%E7%AD%89%E5%BE%85%EF%BC%881%EF%BC%89-%E6%88%91%E8%A6%81%E8%87%AA%E5%AD%A6%E7%BD%91&ari=2&dbv=0&drs=1&pcs=1259x687&pss=1259x1412&cfv=27&cpl=1&chi=1&cce=true&cec=gbk&tlm=1511234678&rw=687&ltu=http%3A%2F%2Fwww.51zxw.net%2Fshow.aspx%3Fid%3D60694%26cid%3D615&ltr=http%3A%2F%2Fwww.51zxw.net%2Flist.aspx%3Fpage%3D3%26cid%3D615&ecd=1&uc=1440x860&pis=-1x-1&sr=1440x900&tcn=1511234678&qn=b56ecd0e18ed71a4&tt=1511234678178.23.24.25, line 118: unreachable code after return statement
JavaScript warning: http://pos.baidu.com/scum?rdid=1481588&dc=3&di=u1481588&dri=0&dis=0&dai=1&ps=400x1049&enu=encoding&dcb=___adblockplus&dtm=HTML_POST&dvi=0.0&dci=-1&dpt=none&tsr=0&tpr=1511234678198&ti=4-19%20%E5%85%83%E7%B4%A0%E7%AD%89%E5%BE%85%E2%80%94%E6%98%BE%E7%A4%BA%E7%AD%89%E5%BE%85%EF%BC%881%EF%BC%89-%E6%88%91%E8%A6%81%E8%87%AA%E5%AD%A6%E7%BD%91&ari=2&dbv=0&drs=1&pcs=1259x687&pss=1259x1412&cfv=27&cpl=1&chi=1&cce=true&cec=gbk&tlm=1511234678&rw=687&ltu=http%3A%2F%2Fwww.51zxw.net%2Fshow.aspx%3Fid%3D60694%26cid%3D615&ltr=http%3A%2F%2Fwww.51zxw.net%2Flist.aspx%3Fpage%3D3%26cid%3D615&ecd=1&uc=1440x860&pis=-1x-1&sr=1440x900&tcn=1511234678&qn=b56ecd0e18ed71a4&tt=1511234678178.23.24.25, line 118: unreachable code after return statement
JavaScript warning: http://pos.baidu.com/wcmm?rdid=1481588&dc=3&di=u1481588&dri=0&dis=0&dai=1&ps=400x1049&enu=encoding&dcb=___adblockplus&dtm=HTML_POST&dvi=0.0&dci=-1&dpt=none&tsr=0&tpr=1511234694693&ti=4-16%20%E9%BC%A0%E6%A0%87%E6%93%8D%E4%BD%9C%EF%BC%882%EF%BC%89-%E6%88%91%E8%A6%81%E8%87%AA%E5%AD%A6%E7%BD%91&ari=2&dbv=0&drs=1&pcs=1259x687&pss=1259x1412&cfv=27&cpl=1&chi=1&cce=true&cec=gbk&tlm=1511234694&rw=687&ltu=http%3A%2F%2Fwww.51zxw.net%2Fshow.aspx%3Fid%3D60691%26cid%3D615&ltr=http%3A%2F%2Fwww.51zxw.net%2Flist.aspx%3Fpage%3D3%26cid%3D615&ecd=1&uc=1440x860&pis=-1x-1&sr=1440x900&tcn=1511234695&qn=b56ecd0e18ed71a4&tt=1511234694668.29.30.31, line 118: unreachable code after return statement
JavaScript warning: http://pos.baidu.com/wcmm?rdid=1481588&dc=3&di=u1481588&dri=0&dis=0&dai=1&ps=400x1049&enu=encoding&dcb=___adblockplus&dtm=HTML_POST&dvi=0.0&dci=-1&dpt=none&tsr=0&tpr=1511234694693&ti=4-16%20%E9%BC%A0%E6%A0%87%E6%93%8D%E4%BD%9C%EF%BC%882%EF%BC%89-%E6%88%91%E8%A6%81%E8%87%AA%E5%AD%A6%E7%BD%91&ari=2&dbv=0&drs=1&pcs=1259x687&pss=1259x1412&cfv=27&cpl=1&chi=1&cce=true&cec=gbk&tlm=1511234694&rw=687&ltu=http%3A%2F%2Fwww.51zxw.net%2Fshow.aspx%3Fid%3D60691%26cid%3D615&ltr=http%3A%2F%2Fwww.51zxw.net%2Flist.aspx%3Fpage%3D3%26cid%3D615&ecd=1&uc=1440x860&pis=-1x-1&sr=1440x900&tcn=1511234695&qn=b56ecd0e18ed71a4&tt=1511234694668.29.30.31, line 118: unreachable code after return statement
JavaScript error: http://bdimg.share.baidu.com/static/api/js/trans/logger.js?v=d16ec0e3.js, line 1: TypeError: n.ajax.request is not a function
JavaScript error: http://bdimg.share.baidu.com/static/api/js/trans/logger.js?v=d16ec0e3.js, line 1: TypeError: n.ajax.request is not a function
JavaScript error: http://bdimg.share.baidu.com/static/api/js/trans/logger.js?v=d16ec0e3.js, line 1: TypeError: n.ajax.request is not a function
JavaScript error: http://bdimg.share.baidu.com/static/api/js/trans/logger.js?v=d16ec0e3.js, line 1: TypeError: n.ajax.request is not a function
[Child 884] WARNING: pipe error: 109: file c:/builds/moz2_slave/m-esr52-w64-000000000000000000/build/src/ipc/chromium/src/chrome/common/ipc_channel_win.cc, line 345
[Child 884] WARNING: pipe error: 109: file c:/builds/moz2_slave/m-esr52-w64-000000000000000000/build/src/ipc/chromium/src/chrome/common/ipc_channel_win.cc, line 345

###!!! [Child][MessageChannel] Error: (msgtype=0x4600AB,name=PContent::Msg_ConsoleMessage) Channel closing: too late to send/recv, messages will be lost

[NPAPI 2572] WARNING: pipe error: 109: file c:/builds/moz2_slave/m-esr52-w64-000000000000000000/build/src/ipc/chromium/src/chrome/common/ipc_channel_win.cc, line 345
on port 3109
1511235211742	Marionette	WARN	TLS certificate errors will be ignored for this session
JavaScript error: https://ss1.bdstatic.com/5eN1bjq8AAUYm2zgoY3K/r/www/cache/static/protocol/https/plugins/every_cookie_4644b13.js, line 4: ReferenceError: c is not defined
[Child 14440] WARNING: pipe error: 109: file c:/builds/moz2_slave/m-esr52-w64-000000000000000000/build/src/ipc/chromium/src/chrome/common/ipc_channel_win.cc, line 345
[Child 14440] WARNING: pipe error: 109: file c:/builds/moz2_slave/m-esr52-w64-000000000000000000/build/src/ipc/chromium/src/chrome/common/ipc_channel_win.cc, line 345
1511235249436	geckodriver	INFO	Listening on 127.0.0.1:3238
1511235251418	mozprofile::profile	INFO	Using profile path C:\Users\shj\AppData\Local\Temp\rust_mozprofile.99nHn8pfEo7L
1511235251420	geckodriver::marionette	INFO	Starting browser C:\Program Files\Mozilla Firefox\firefox.exe
1511235251436	geckodriver::marionette	INFO	Connecting to Marionette on localhost:3308
1511235252651	Marionette	INFO	Listening on port 3308
1511235253681	Marionette	WARN	TLS certificate errors will be ignored for this session
JavaScript error: https://ss1.bdstatic.com/5eN1bjq8AAUYm2zgoY3K/r/www/cache/static/protocol/https/plugins/every_cookie_4644b13.js, line 4: ReferenceError: c is not defined
[Child 10180] WARNING: pipe error: 109: file c:/builds/moz2_slave/m-esr52-w64-000000000000000000/build/src/ipc/chromium/src/chrome/common/ipc_channel_win.cc, line 345
[Child 10180] WARNING: pipe error: 109: file c:/builds/moz2_slave/m-esr52-w64-000000000000000000/build/src/ipc/chromium/src/chrome/common/ipc_channel_win.cc, line 345
 to Marionette on localhost:3671
1511235402532	Marionette	INFO	Listening on port 3671
1511235403522	Marionette	WARN	TLS certificate errors will be ignored for this session
JavaScript error: https://ss1.bdstatic.com/5eN1bjq8AAUYm2zgoY3K/r/www/cache/static/protocol/https/plugins/every_cookie_4644b13.js, line 4: ReferenceError: c is not defined
[Child 10252] WARNING: pipe error: 109: file c:/builds/moz2_slave/m-esr52-w64-000000000000000000/build/src/ipc/chromium/src/chrome/common/ipc_channel_win.cc, line 345
[Child 10252] WARNING: pipe error: 109: file c:/builds/moz2_slave/m-esr52-w64-000000000000000000/build/src/ipc/chromium/src/chrome/common/ipc_channel_win.cc, line 345
1511235576289	geckodriver	INFO	Listening on 127.0.0.1:3729
1511235578282	mozprofile::profile	INFO	Using profile path C:\Users\shj\AppData\Local\Temp\rust_mozprofile.HM09tsGJEIrr
1511235578291	geckodriver::marionette	INFO	Starting browser C:\Program Files\Mozilla Firefox\firefox.exe
1511235578339	geckodriver::marionette	INFO	Connecting to Marionette on localhost:3735
1511235579795	Marionette	INFO	Listening on port 3735
1511235580799	Marionette	WARN	TLS certificate errors will be ignored for this session
[Child 13164] WARNING: pipe error: 109: file c:/builds/moz2_slave/m-esr52-w64-000000000000000000/build/src/ipc/chromium/src/chrome/common/ipc_channel_win.cc, line 345
[Child 13164] WARNING: pipe error: 109: file c:/builds/moz2_slave/m-esr52-w64-000000000000000000/build/src/ipc/chromium/src/chrome/common/ipc_channel_win.cc, line 345
 to Marionette on localhost:3924
1511235797187	Marionette	INFO	Listening on port 3924
1511235798256	Marionette	WARN	TLS certificate errors will be ignored for this session
[Child 13876] WARNING: pipe error: 109: file c:/builds/moz2_slave/m-esr52-w64-000000000000000000/build/src/ipc/chromium/src/chrome/common/ipc_channel_win.cc, line 345
1511236062152	geckodriver	INFO	Listening on 127.0.0.1:4227
1511236064145	mozprofile::profile	INFO	Using profile path C:\Users\shj\AppData\Local\Temp\rust_mozprofile.7FIPwxinbscB
1511236064154	geckodriver::marionette	INFO	Starting browser C:\Program Files\Mozilla Firefox\firefox.exe
1511236064211	geckodriver::marionette	INFO	Connecting to Marionette on localhost:4233
1511236065867	Marionette	INFO	Listening on port 4233
1511236067084	Marionette	WARN	TLS certificate errors will be ignored for this session
JavaScript error: https://ss1.bdstatic.com/5eN1bjq8AAUYm2zgoY3K/r/www/cache/static/protocol/https/plugins/every_cookie_4644b13.js, line 4: ReferenceError: c is not defined
1511236131664	geckodriver	INFO	Listening on 127.0.0.1:4272
1511236133641	mozprofile::profile	INFO	Using profile path C:\Users\shj\AppData\Local\Temp\rust_mozprofile.8HImgdgI8HG9
1511236133674	geckodriver::marionette	INFO	Starting browser C:\Program Files\Mozilla Firefox\firefox.exe
1511236133722	geckodriver::marionette	INFO	Connecting to Marionette on localhost:4278
1511236135115	Marionette	INFO	Listening on port 4278
1511236136061	Marionette	WARN	TLS certificate errors will be ignored for this session
[Child 13440] WARNING: pipe error: 109: file c:/builds/moz2_slave/m-esr52-w64-000000000000000000/build/src/ipc/chromium/src/chrome/common/ipc_channel_win.cc, line 345
[Child 13440] WARNING: pipe error: 109: file c:/builds/moz2_slave/m-esr52-w64-000000000000000000/build/src/ipc/chromium/src/chrome/common/ipc_channel_win.cc, line 345
1511236196567	geckodriver	INFO	Listening on 127.0.0.1:4322
1511236198562	mozprofile::profile	INFO	Using profile path C:\Users\shj\AppData\Local\Temp\rust_mozprofile.LwryFSQ6p15m
1511236198570	geckodriver::marionette	INFO	Starting browser C:\Program Files\Mozilla Firefox\firefox.exe
1511236198615	geckodriver::marionette	INFO	Connecting to Marionette on localhost:4328
1511236200397	Marionette	INFO	Listening on port 4328
1511236201577	Marionette	WARN	TLS certificate errors will be ignored for this session
JavaScript error: https://ss1.bdstatic.com/5eN1bjq8AAUYm2zgoY3K/r/www/cache/static/protocol/https/plugins/every_cookie_4644b13.js, line 4: ReferenceError: c is not defined
[Child 6804] WARNING: pipe error: 109: file c:/builds/moz2_slave/m-esr52-w64-000000000000000000/build/src/ipc/chromium/src/chrome/common/ipc_channel_win.cc, line 345
[Child 6804] WARNING: pipe error: 109: file c:/builds/moz2_slave/m-esr52-w64-000000000000000000/build/src/ipc/chromium/src/chrome/common/ipc_channel_win.cc, line 345
1511245897919	geckodriver	INFO	Listening on 127.0.0.1:16938
1511245899906	mozprofile::profile	INFO	Using profile path C:\Users\shj\AppData\Local\Temp\rust_mozprofile.9UFYl3GIlSJh
1511245899912	geckodriver::marionette	INFO	Starting browser C:\Program Files\Mozilla Firefox\firefox.exe
1511245899942	geckodriver::marionette	INFO	Connecting to Marionette on localhost:16944
1511245901293	Marionette	INFO	Listening on port 16944
1511245902195	Marionette	WARN	TLS certificate errors will be ignored for this session
JavaScript error: https://ss1.bdstatic.com/5eN1bjq8AAUYm2zgoY3K/r/www/cache/static/protocol/https/plugins/every_cookie_4644b13.js, line 4: ReferenceError: c is not defined
[Child 7796] WARNING: pipe error: 109: file c:/builds/moz2_slave/m-esr52-w64-000000000000000000/build/src/ipc/chromium/src/chrome/common/ipc_channel_win.cc, line 345
[Child 7796] WARNING: pipe error: 109: file c:/builds/moz2_slave/m-esr52-w64-000000000000000000/build/src/ipc/chromium/src/chrome/common/ipc_channel_win.cc, line 345
1511246194810	geckodriver	INFO	Listening on 127.0.0.1:18938
1511246196804	mozprofile::profile	INFO	Using profile path C:\Users\shj\AppData\Local\Temp\rust_mozprofile.IDuqZsXjeNwV
1511246196812	geckodriver::marionette	INFO	Starting browser C:\Program Files\Mozilla Firefox\firefox.exe
1511246196851	geckodriver::marionette	INFO	Connecting to Marionette on localhost:18952
1511246198282	Marionette	INFO	Listening on port 18952
1511246199315	Marionette	WARN	TLS certificate errors will be ignored for this session
JavaScript error: https://ss1.bdstatic.com/5eN1bjq8AAUYm2zgoY3K/r/www/cache/static/protocol/https/plugins/every_cookie_4644b13.js, line 4: ReferenceError: c is not defined
JavaScript error: https://sp0.baidu.com/5a1Fazu8AA54nxGko9WTAnF6hhy/su?wd=Se&json=1&p=3&sid=1439_24866_21090_18559_17001_22075&req=2&csor=2&pwd=S&cb=jQuery1102017148444089271386_1511246201960&_=1511246201963, line 1: TypeError: jQuery1102017148444089271386_1511246201960 is not a function
JavaScript error: https://sp0.baidu.com/5a1Fazu8AA54nxGko9WTAnF6hhy/su?wd=Selen&json=1&p=3&sid=1439_24866_21090_18559_17001_22075&req=2&csor=5&pwd=Sele&cb=jQuery1102017148444089271386_1511246201960&_=1511246201966, line 1: TypeError: jQuery1102017148444089271386_1511246201960 is not a function
JavaScript error: https://sp0.baidu.com/5a1Fazu8AA54nxGko9WTAnF6hhy/su?wd=S&json=1&p=3&sid=1439_24866_21090_18559_17001_22075&req=2&csor=1&cb=jQuery1102017148444089271386_1511246201960&_=1511246201962, line 1: TypeError: jQuery1102017148444089271386_1511246201960 is not a function
JavaScript error: https://sp0.baidu.com/5a1Fazu8AA54nxGko9WTAnF6hhy/su?wd=Seleni&json=1&p=3&sid=1439_24866_21090_18559_17001_22075&req=2&csor=6&pwd=Selen&cb=jQuery1102017148444089271386_1511246201960&_=1511246201967, line 1: TypeError: jQuery1102017148444089271386_1511246201960 is not a function
JavaScript error: https://sp0.baidu.com/5a1Fazu8AA54nxGko9WTAnF6hhy/su?wd=Sele&json=1&p=3&sid=1439_24866_21090_18559_17001_22075&req=2&csor=4&pwd=Sel&cb=jQuery1102017148444089271386_1511246201960&_=1511246201965, line 1: TypeError: jQuery1102017148444089271386_1511246201960 is not a function
JavaScript error: https://sp0.baidu.com/5a1Fazu8AA54nxGko9WTAnF6hhy/su?wd=Seleniu&json=1&p=3&sid=1439_24866_21090_18559_17001_22075&req=2&csor=7&pwd=Seleni&cb=jQuery1102017148444089271386_1511246201960&_=1511246201968, line 1: TypeError: jQuery1102017148444089271386_1511246201960 is not a function
JavaScript error: https://sp0.baidu.com/5a1Fazu8AA54nxGko9WTAnF6hhy/su?wd=Selenium&json=1&p=3&sid=1439_24866_21090_18559_17001_22075&req=2&csor=8&pwd=Seleniu&cb=jQuery1102017148444089271386_1511246201960&_=1511246201969, line 1: TypeError: jQuery1102017148444089271386_1511246201960 is not a function
[Child 1560] WARNING: pipe error: 109: file c:/builds/moz2_slave/m-esr52-w64-000000000000000000/build/src/ipc/chromium/src/chrome/common/ipc_channel_win.cc, line 345
I9eLTwIhWCm
1511246222651	geckodriver::marionette	INFO	Starting browser C:\Program Files\Mozilla Firefox\firefox.exe
1511246222695	geckodriver::marionette	INFO	Connecting to Marionette on localhost:19127
1511246224269	Marionette	INFO	Listening on port 19127
1511246225207	Marionette	WARN	TLS certificate errors will be ignored for this session
JavaScript error: https://ss1.bdstatic.com/5eN1bjq8AAUYm2zgoY3K/r/www/cache/static/protocol/https/plugins/every_cookie_4644b13.js, line 4: ReferenceError: c is not defined
[Child 11184] WARNING: pipe error: 109: file c:/builds/moz2_slave/m-esr52-w64-000000000000000000/build/src/ipc/chromium/src/chrome/common/ipc_channel_win.cc, line 345
[Child 11184] WARNING: pipe error: 109: file c:/builds/moz2_slave/m-esr52-w64-000000000000000000/build/src/ipc/chromium/src/chrome/common/ipc_channel_win.cc, line 345
1511247103399	geckodriver	INFO	Listening on 127.0.0.1:22631
1511247105394	mozprofile::profile	INFO	Using profile path C:\Users\shj\AppData\Local\Temp\rust_mozprofile.PTW9EcugOYKB
1511247105403	geckodriver::marionette	INFO	Starting browser C:\Program Files\Mozilla Firefox\firefox.exe
1511247105453	geckodriver::marionette	INFO	Connecting to Marionette on localhost:22653
1511247106797	Marionette	INFO	Listening on port 22653
1511247107868	Marionette	WARN	TLS certificate errors will be ignored for this session
JavaScript error: https://ss1.bdstatic.com/5eN1bjq8AAUYm2zgoY3K/r/www/cache/static/protocol/https/plugins/every_cookie_4644b13.js, line 4: ReferenceError: c is not defined
[Child 13048] WARNING: pipe error: 109: file c:/builds/moz2_slave/m-esr52-w64-000000000000000000/build/src/ipc/chromium/src/chrome/common/ipc_channel_win.cc, line 345
[Child 13048] WARNING: pipe error: 109: file c:/builds/moz2_slave/m-esr52-w64-000000000000000000/build/src/ipc/chromium/src/chrome/common/ipc_channel_win.cc, line 345
g to Marionette on localhost:22919
1511247179926	Marionette	INFO	Listening on port 22919
1511247180853	Marionette	WARN	TLS certificate errors will be ignored for this session
JavaScript error: https://ss1.bdstatic.com/5eN1bjq8AAUYm2zgoY3K/r/www/cache/static/protocol/https/plugins/every_cookie_4644b13.js, line 4: ReferenceError: c is not defined
[Child 1752] WARNING: pipe error: 109: file c:/builds/moz2_slave/m-esr52-w64-000000000000000000/build/src/ipc/chromium/src/chrome/common/ipc_channel_win.cc, line 345
1511247222535	geckodriver	INFO	Listening on 127.0.0.1:23117
1511247224529	mozprofile::profile	INFO	Using profile path C:\Users\shj\AppData\Local\Temp\rust_mozprofile.hPqJE6ZtMz5c
1511247224537	geckodriver::marionette	INFO	Starting browser C:\Program Files\Mozilla Firefox\firefox.exe
1511247224576	geckodriver::marionette	INFO	Connecting to Marionette on localhost:23131
1511247226011	Marionette	INFO	Listening on port 23131
1511247227122	Marionette	WARN	TLS certificate errors will be ignored for this session
[Child 11092] WARNING: pipe error: 109: file c:/builds/moz2_slave/m-esr52-w64-000000000000000000/build/src/ipc/chromium/src/chrome/common/ipc_channel_win.cc, line 345
[Child 11092] WARNING: pipe error: 109: file c:/builds/moz2_slave/m-esr52-w64-000000000000000000/build/src/ipc/chromium/src/chrome/common/ipc_channel_win.cc, line 345
g to Marionette on localhost:23377
1511247273245	Marionette	INFO	Listening on port 23377
1511247274320	Marionette	WARN	TLS certificate errors will be ignored for this session
JavaScript error: https://sp0.baidu.com/5a1Fazu8AA54nxGko9WTAnF6hhy/su?wd=selenium&json=1&p=3&sid=1468_13702_21094_17001_20929&req=2&csor=8&pwd=seleniu&cb=jQuery110206838639883738019_1511247276749&_=1511247276758, line 1: TypeError: jQuery110206838639883738019_1511247276749 is not a function
[Child 4304] WARNING: pipe error: 109: file c:/builds/moz2_slave/m-esr52-w64-000000000000000000/build/src/ipc/chromium/src/chrome/common/ipc_channel_win.cc, line 345
1511332136084	geckodriver	INFO	Listening on 127.0.0.1:20492
1511332138083	mozprofile::profile	INFO	Using profile path C:\Users\shj\AppData\Local\Temp\rust_mozprofile.ctCQBRx8xJKX
1511332138090	geckodriver::marionette	INFO	Starting browser C:\Program Files\Mozilla Firefox\firefox.exe
1511332138140	geckodriver::marionette	INFO	Connecting to Marionette on localhost:20522
1511332139435	Marionette	INFO	Listening on port 20522
1511332140519	Marionette	WARN	TLS certificate errors will be ignored for this session
JavaScript warning: http://stacdn201.ganjistatic1.com/public/tool/webim_v3/js/webim.cmb.__1511259720__.js, line 1: unreachable code after return statement
JavaScript warning: http://stacdn201.ganjistatic1.com/public/tool/webim_v3/js/webim.cmb.__1511259720__.js, line 1: unreachable code after return statement
[Child 10608] WARNING: pipe error: 109: file c:/builds/moz2_slave/m-esr52-w64-000000000000000000/build/src/ipc/chromium/src/chrome/common/ipc_channel_win.cc, line 345
1511334632025	geckodriver	INFO	Listening on 127.0.0.1:36129
1511334634003	mozprofile::profile	INFO	Using profile path C:\Users\shj\AppData\Local\Temp\rust_mozprofile.Tzv2lx1XSleL
1511334634007	geckodriver::marionette	INFO	Starting browser C:\Program Files\Mozilla Firefox\firefox.exe
1511334634025	geckodriver::marionette	INFO	Connecting to Marionette on localhost:36167
1511334635422	Marionette	INFO	Listening on port 36167
1511334636377	Marionette	WARN	TLS certificate errors will be ignored for this session
JavaScript warning: http://stacdn201.ganjistatic1.com/public/tool/webim_v3/js/webim.cmb.__1511259720__.js, line 1: unreachable code after return statement
JavaScript warning: http://stacdn201.ganjistatic1.com/public/tool/webim_v3/js/webim.cmb.__1511259720__.js, line 1: unreachable code after return statement
JavaScript warning: http://sta.ganjistatic1.com/public/app/ms_v2/wanted/list.__1511259720__.js, line 565: unreachable code after return statement
JavaScript warning: http://sta.ganjistatic1.com/public/app/ms_v2/wanted/list.__1511259720__.js, line 1336: unreachable code after return statement
JavaScript warning: http://pos.baidu.com/kcam?rdid=2964727&dc=3&di=u2964727&dri=0&dis=0&dai=7&ps=6592x140&enu=encoding&dcb=___adblockplus&dtm=HTML_POST&dvi=0.0&dci=-1&dpt=none&tsr=0&tpr=1511334641735&ti=%E3%80%90%E6%9C%88%E8%96%AA8000-12000%E5%85%83%E6%8B%9B%E8%81%98%E4%BF%A1%E6%81%AF%7C%E6%89%BE%E5%B7%A5%E4%BD%9C%E7%BD%91%E7%AB%99%E3%80%91%20-%20%E8%B5%B6%E9%9B%86%E7%BD%91&ari=2&dbv=0&drs=3&pcs=1259x687&pss=1259x6901&cfv=27&cpl=1&chi=1&cce=true&cec=UTF-8&tlm=1511334641&rw=687&ltu=http%3A%2F%2Fwww.ganji.com%2Fzpbiaoqian%2Fp6%2F%3Fautot%3D1&ltr=http%3A%2F%2Fgz.ganji.com%2F&ecd=1&uc=1440x860&pis=-1x-1&sr=1440x900&tcn=1511334642&qn=fceeb64fec1b6475&tt=1511334641652.145.193.193, line 118: unreachable code after return statement
JavaScript warning: http://pos.baidu.com/kcam?rdid=2964727&dc=3&di=u2964727&dri=0&dis=0&dai=7&ps=6592x140&enu=encoding&dcb=___adblockplus&dtm=HTML_POST&dvi=0.0&dci=-1&dpt=none&tsr=0&tpr=1511334641735&ti=%E3%80%90%E6%9C%88%E8%96%AA8000-12000%E5%85%83%E6%8B%9B%E8%81%98%E4%BF%A1%E6%81%AF%7C%E6%89%BE%E5%B7%A5%E4%BD%9C%E7%BD%91%E7%AB%99%E3%80%91%20-%20%E8%B5%B6%E9%9B%86%E7%BD%91&ari=2&dbv=0&drs=3&pcs=1259x687&pss=1259x6901&cfv=27&cpl=1&chi=1&cce=true&cec=UTF-8&tlm=1511334641&rw=687&ltu=http%3A%2F%2Fwww.ganji.com%2Fzpbiaoqian%2Fp6%2F%3Fautot%3D1&ltr=http%3A%2F%2Fgz.ganji.com%2F&ecd=1&uc=1440x860&pis=-1x-1&sr=1440x900&tcn=1511334642&qn=fceeb64fec1b6475&tt=1511334641652.145.193.193, line 118: unreachable code after return statement
JavaScript error: http://sta.ganjistatic1.com/public/js/app/wanted_findjob/wanted_findjob_assistant.__1511259720__.js, line 131: ReferenceError: lastResId is not defined
JavaScript warning: http://stacdn201.ganjistatic1.com/public/tool/webim_v3/js/webim.cmb.__1511259720__.js, line 1: unreachable code after return statement
JavaScript warning: http://stacdn201.ganjistatic1.com/public/tool/webim_v3/js/webim.cmb.__1511259720__.js, line 1: unreachable code after return statement

###!!! [Child][RunMessage] Error: Channel closing: too late to send/recv, messages will be lost

[Child 6176] WARNING: pipe error: 109: file c:/builds/moz2_slave/m-esr52-w64-000000000000000000/build/src/ipc/chromium/src/chrome/common/ipc_channel_win.cc, line 345

###!!! [Child][RunMessage] Error: Channel closing: too late to send/recv, messages will be lost


###!!! [Child][RunMessage] Error: Channel closing: too late to send/recv, messages will be lost


###!!! [Child][RunMessage] Error: ChannelJavaScript error: http://gz.ganji.com/ershouche/?autot=1 line 13805 > eval, line 1: TypeError: jsonObj is null
JavaScript error: , line 0: Error: Permission denied to access property "href"
JavaScript error: , line 0: Error: Permission denied to access property "href"
JavaScript error: , line 0: Error: Permission denied to access property "href"
JavaScript warning: http://stacdn201.ganjistatic1.com/public/tool/webim_v3/js/webim.cmb.__1511259720__.js, line 1: unreachable code after return statement
JavaScript warning: http://stacdn201.ganjistatic1.com/public/tool/webim_v3/js/webim.cmb.__1511259720__.js, line 1: unreachable code after return statement
JavaScript error: http://sta.ganjistatic1.com/public/js/util/iframe/rpc3.__1511259720__.js, line 141: TypeError: message.indexOf is not a function
JavaScript warning: http://stacdn201.ganjistatic1.com/public/tool/webim_v3/js/webim.cmb.__1511259720__.js, line 1: unreachable code after return statement
JavaScript warning: http://stacdn201.ganjistatic1.com/public/tool/webim_v3/js/webim.cmb.__1511259720__.js, line 1: unreachable code after return statement
[Child 10976] WARNING: pipe error: 109: file c:/builds/moz2_slave/m-esr52-w64-000000000000000000/build/src/ipc/chromium/src/chrome/common/ipc_channel_win.cc, line 345

###!!! [Child][MessageChannel] Error: (msgtype=0x4600AB,name=PContent::Msg_ConsoleMessage) Channel closing: too late to send/recv, messages will be lost

1511335288439	geckodriver	INFO	Listening on 127.0.0.1:40451
1511335290432	mozprofile::profile	INFO	Using profile path C:\Users\shj\AppData\Local\Temp\rust_mozprofile.OCRKDJb7A7Yz
1511335290441	geckodriver::marionette	INFO	Starting browser C:\Program Files\Mozilla Firefox\firefox.exe
1511335290489	geckodriver::marionette	INFO	Connecting to Marionette on localhost:40465
1511335291860	Marionette	INFO	Listening on port 40465
1511335292933	Marionette	WARN	TLS certificate errors will be ignored for this session
JavaScript error: https://login.taobao.com/jump?target=https://www.tmall.com, line 26: SyntaxError: expected expression, got '<'
[Parent 1536] WARNING: pipe error: 109: file c:/builds/moz2_slave/m-esr52-w64-000000000000000000/build/src/ipc/chromium/src/chrome/common/ipc_channel_win.cc, line 345
[Child 13928] WARNING: pipe error: 109: file c:/builds/moz2_slave/m-esr52-w64-000000000000000000/build/src/ipc/chromium/src/chrome/common/ipc_channel_win.cc, line 345
1511336292041	geckodriver	INFO	Listening on 127.0.0.1:47132
1511336294033	mozprofile::profile	INFO	Using profile path C:\Users\shj\AppData\Local\Temp\rust_mozprofile.UVAKXhqnEcJM
1511336294037	geckodriver::marionette	INFO	Starting browser C:\Program Files\Mozilla Firefox\firefox.exe
1511336294070	geckodriver::marionette	INFO	Connecting to Marionette on localhost:47146
1511336295443	Marionette	INFO	Listening on port 47146
1511336296489	Marionette	WARN	TLS certificate errors will be ignored for this session
JavaScript error: https://login.taobao.com/jump?target=https://www.tmall.com, line 26: SyntaxError: expected expression, got '<'
[Child 12416] WARNING: pipe error: 109: file c:/builds/moz2_slave/m-esr52-w64-000000000000000000/build/src/ipc/chromium/src/chrome/common/ipc_channel_win.cc, line 345
[Child 12416] WARNING: pipe error: 109: file c:/builds/moz2_slave/m-esr52-w64-000000000000000000/build/src/ipc/chromium/src/chrome/common/ipc_channel_win.cc, line 345
1511336366452	addons.productaddons	WARN	Failed downloading via XHR, status: 0, reason: error
1511336476272	geckodriver	INFO	Listening on 127.0.0.1:48205
1511336478265	mozprofile::profile	INFO	Using profile path C:\Users\shj\AppData\Local\Temp\rust_mozprofile.uZWSzEnB85m2
1511336478270	geckodriver::marionette	INFO	Starting browser C:\Program Files\Mozilla Firefox\firefox.exe
1511336478307	geckodriver::marionette	INFO	Connecting to Marionette on localhost:48220
1511336479718	Marionette	INFO	Listening on port 48220
1511336480659	Marionette	WARN	TLS certificate errors will be ignored for this session
[Parent 13604] WARNING: pipe error: 109: file c:/builds/moz2_slave/m-esr52-w64-000000000000000000/build/src/ipc/chromium/src/chrome/common/ipc_channel_win.cc, line 345
1511336520233	geckodriver	INFO	Listening on 127.0.0.1:48549
1511336522221	mozprofile::profile	INFO	Using profile path C:\Users\shj\AppData\Local\Temp\rust_mozprofile.W3HbQh0ZuXdx
1511336522225	geckodriver::marionette	INFO	Starting browser C:\Program Files\Mozilla Firefox\firefox.exe
1511336522253	geckodriver::marionette	INFO	Connecting to Marionette on localhost:48556
1511336523647	Marionette	INFO	Listening on port 48556
1511336524575	Marionette	WARN	TLS certificate errors will be ignored for this session
[Parent 12516] WARNING: pipe error: 109: file c:/builds/moz2_slave/m-esr52-w64-000000000000000000/build/src/ipc/chromium/src/chrome/common/ipc_channel_win.cc, line 345
1511336737395	geckodriver	INFO	Listening on 127.0.0.1:49975
1511336739378	mozprofile::profile	INFO	Using profile path C:\Users\shj\AppData\Local\Temp\rust_mozprofile.VUyKyb7qCW0E
1511336739380	geckodriver::marionette	INFO	Starting browser C:\Program Files\Mozilla Firefox\firefox.exe
1511336739400	geckodriver::marionette	INFO	Connecting to Marionette on localhost:49981
1511336740904	Marionette	INFO	Listening on port 49981
1511336741850	Marionette	WARN	TLS certificate errors will be ignored for this session
JavaScript error: https://login.taobao.com/jump?target=https://www.tmall.com, line 26: SyntaxError: expected expression, got '<'
1511336748851	Marionette	INFO	New connections will no longer be accepted
[Child 10176] ###!!! ABORT: Aborting on channel error.: file c:/builds/moz2_slave/m-esr52-w64-000000000000000000/build/src/ipc/glue/MessageChannel.cpp, line 2152
1511336838452	geckodriver	INFO	Listening on 127.0.0.1:50747
1511336840443	mozprofile::profile	INFO	Using profile path C:\Users\shj\AppData\Local\Temp\rust_mozprofile.ZtjE74W6iIey
1511336840448	geckodriver::marionette	INFO	Starting browser C:\Program Files\Mozilla Firefox\firefox.exe
1511336840468	geckodriver::marionette	INFO	Connecting to Marionette on localhost:50753
1511336841694	Marionette	INFO	Listening on port 50753
1511336842715	Marionette	WARN	TLS certificate errors will be ignored for this session
JavaScript error: https://login.taobao.com/jump?target=https://www.tmall.com, line 26: SyntaxError: expected expression, got '<'
1511336849520	Marionette	INFO	New connections will no longer be accepted
[Child 11964] ###!!! ABORT: Aborting on channel error.: file c:/builds/moz2_slave/m-esr52-w64-000000000000000000/build/src/ipc/glue/MessageChannel.cpp, line 2152
1511338992880	geckodriver	INFO	Listening on 127.0.0.1:64171
1511338994873	mozprofile::profile	INFO	Using profile path C:\Users\shj\AppData\Local\Temp\rust_mozprofile.vWooSoeruwm6
1511338994879	geckodriver::marionette	INFO	Starting browser C:\Program Files\Mozilla Firefox\firefox.exe
1511338994912	geckodriver::marionette	INFO	Connecting to Marionette on localhost:64177
1511338996431	Marionette	INFO	Listening on port 64177
1511338997366	Marionette	WARN	TLS certificate errors will be ignored for this session
JavaScript warning: http://stacdn201.ganjistatic1.com/public/tool/webim_v3/js/webim.cmb.__1511259720__.js, line 1: unreachable code after return statement
JavaScript warning: http://stacdn201.ganjistatic1.com/public/tool/webim_v3/js/webim.cmb.__1511259720__.js, line 1: unreachable code after return statement
1511339058739	addons.productaddons	WARN	Failed downloading XML, status: 0, reason: error
ile	INFO	Using profile path C:\Users\shj\AppData\Local\Temp\rust_mozprofile.iyNabODqwhM7
1511339057420	geckodriver::marionette	INFO	Starting browser C:\Program Files\Mozilla Firefox\firefox.exe
1511339057441	geckodriver::marionette	INFO	Connecting to Marionette on localhost:64550
1511339058841	Marionette	INFO	Listening on port 64550
1511339059884	Marionette	WARN	TLS certificate errors will be ignored for this session
JavaScript warning: http://stacdn201.ganjistatic1.com/public/tool/webim_v3/js/webim.cmb.__1511259720__.js, line 1: unreachable code after return statement
JavaScript warning: http://stacdn201.ganjistatic1.com/public/tool/webim_v3/js/webim.cmb.__1511259720__.js, line 1: unreachable code after return statement
1511339083884	geckodriver	INFO	Listening on 127.0.0.1:64740
1511339085859	mozprofile::profile	INFO	Using profile path C:\Users\shj\AppData\Local\Temp\rust_mozprofile.wmkSqEE8nwms
1511339085861	geckodriver::marionette	INFO	Starting browser C:\Program Files\Mozilla Firefox\firefox.exe
1511339085891	geckodriver::marionette	INFO	Connecting to Marionette on localhost:64754
1511339087444	Marionette	INFO	Listening on port 64754
1511339088413	Marionette	WARN	TLS certificate errors will be ignored for this session
JavaScript warning: http://stacdn201.ganjistatic1.com/public/tool/webim_v3/js/webim.cmb.__1511259720__.js, line 1: unreachable code after return statement
JavaScript warning: http://stacdn201.ganjistatic1.com/public/tool/webim_v3/js/webim.cmb.__1511259720__.js, line 1: unreachable code after return statement
[Child 10768] WARNING: pipe error: 109: file c:/builds/moz2_slave/m-esr52-w64-000000000000000000/build/src/ipc/chromium/src/chrome/common/ipc_channel_win.cc, line 345
SExnNdfDxe
1511339148194	geckodriver::marionette	INFO	Starting browser C:\Program Files\Mozilla Firefox\firefox.exe
1511339148220	geckodriver::marionette	INFO	Connecting to Marionette on localhost:65158
1511339149799	Marionette	INFO	Listening on port 65158
1511339150665	Marionette	WARN	TLS certificate errors will be ignored for this session
JavaScript warning: http://stacdn201.ganjistatic1.com/public/tool/webim_v3/js/webim.cmb.__1511259720__.js, line 1: unreachable code after return statement
JavaScript warning: http://stacdn201.ganjistatic1.com/public/tool/webim_v3/js/webim.cmb.__1511259720__.js, line 1: unreachable code after return statement
[Child 13896] WARNING: pipe error: 109: file c:/builds/moz2_1511339164664	mozprofile::profile	INFO	Using profile path C:\Users\shj\AppData\Local\Temp\rust_mozprofile.wvyCm1NKz66f
1511339164668	geckodriver::marionette	INFO	Starting browser C:\Program Files\Mozilla Firefox\firefox.exe
1511339164696	geckodriver::marionette	INFO	Connecting to Marionette on localhost:65286
1511339166282	Marionette	INFO	Listening on port 65286
1511339167244	Marionette	WARN	TLS certificate errors will be ignored for this session
JavaScript warning: http://stacdn201.ganjistatic1.com/public/tool/webim_v3/js/webim.cmb.__1511259720__.js, line 1: unreachable code after return statement
JavaScript warning: http://stacdn201.ganjistatic1.com/public/tool/webim_v3/js/webim.cmb.__1511259720__.js, line 1: unreachable code after return statement
1511339234334	addons.productaddons	WARN	Failed downloading via XHR, status: 0, reason: error
1511339234336	addons.productaddons	WARN	Failed downloading via XHR, status: 0, reason: error

###!!! [Child][MessageChannel] Error: (msgtype=0x4600AB,name=PContent::Msg_ConsoleMessage) Channel closing: too late to send/recv, messages will be lost

[Child 17208] WARNING: 1511339234884	Marionette	INFO	Listening on port 1393
1511339235998	Marionette	WARN	TLS certificate errors will be ignored for this session
1511339238861	Marionette	INFO	New connections will no longer be accepted
[Child 13120] WARNING: pipe error: 232: file c:/builds/moz2_slave/m-esr52-w64-000000000000000000/build/src/ipc/chromium/src/chrome/common/ipc_channel_win.cc, line 512
[Child 13120] ###!!! ABORT: Aborting on channel error.: file c:/builds/moz2_slave/m-esr52-w64-000000000000000000/build/src/ipc/glue/MessageChannel.cpp, line 2152
[NPAPI 12976] ###!!! ABORT: Aborting on channel error.: file c:/builds/moz2_slave/m-esr52-w64-000000000000000000/build/src/ipc/glue/MessageChannel.cpp, line 2152
1511339303794	geckodriver	INFO	Listening on 127.0.0.1:1831
1511339305789	mozprofile::profile	INFO	Using profile path C:\Users\shj\AppData\Local\Temp\rust_mozprofile.UoC3hqNuwvH8
1511339305794	geckodriver::marionette	INFO	Starting browser C:\Program Files\Mozilla Firefox\firefox.exe
1511339305829	geckodriver::marionette	INFO	Connecting to Marionette on localhost:1837
1511339307193	Marionette	INFO	Listening on port 1837
1511339308236	Marionette	WARN	TLS certificate errors will be ignored for this session
JavaScript warning: http://stacdn201.ganjistatic1.com/public/tool/webim_v3/js/webim.cmb.__1511259720__.js, line 1: unreachable code after return statement
JavaScript warning: http://stacdn201.ganjistatic1.com/public/tool/webim_v3/js/webim.cmb.__1511259720__.js, line 1: unreachable code after return statement
1511339389280	addons.productaddons	WARN	Failed downloading XML, status: 0, reason: timeout
JavaScript warning: http://sta.ganjistatic1.com/public/app/ms_v2/wanted/list.__1511259720__.js, line 565: unreachable code after return statement
JavaScript warning: http://sta.ganjistatic1.com/public/app/ms_v2/wanted/list.__1511259720__.js, line 1336: unreachable code after return statement
JavaScript error: http://sta.ganjistatic1.com/public/js/util/ganji/ganji.__1511337600__.js, line 1743: Error: Load Fail: http://www.google-analytics.com/ga.js
JavaScript error: resource://gre/modules/commonjs/toolkit/loader.js -> resource://devtools/shared/layout/utils.js, line 36: NS_NOINTERFACE: 
[Child 12956] WARNING: pipe error: 109: file c:/builds/moz2_slave/m-esr52-w64-000000000000000000/build/src/ipc/chromium/src/chrome/common/ipc_channel_win.cc, line 345

###!!! [Child][MessageChannel] Error: (msgtype=0x4600AB,name=PContent::Msg_ConsoleMessage) Channel closing: too late to send/recv, messages will be lost

[Child 12956] WARNING: pipe error: 109: file c:/builds/moz2_slave/m-esr52-w64-000000000000000000/build/src/ipc/chromium/src/chrome/common/ipc_channel_win.cc, line 345
r this session
JavaScript warning: http://stacdn201.ganjistatic1.com/public/tool/webim_v3/js/webim.cmb.__1511259720__.js, line 1: unreachable code after return statement
JavaScript warning: http://stacdn201.ganjistatic1.com/public/tool/webim_v3/js/webim.cmb.__1511259720__.js, line 1: unreachable code after return statement
JavaScript warning: http://sta.ganjistatic1.com/public/app/ms_v2/wanted/list.__1511259720__.js, line 565: unreachable code after return statement
JavaScript warning: http://sta.ganjistatic1.com/public/app/ms_v2/wanted/list.__1511259720__.js, line 1336: unreachable code after return statement
JavaScript error: http://sta.ganjistatic1.com/public/js/app/wanted_findjob/wanted_findjob_assistant.__1511259720__.js, line 131: ReferenceError: lastResId is not defined
JavaScript warning: http://stacdn201.ganjistatic1.com/public/tool/webim_v3/js/webim.cmb.__1511259720__.js, line 1: unreachable code after return statement
JavaScript warning: http://stacdn201.ganjistatic1.com/public/tool/webim_v3/js/webim.cmb.__1511259720__.js, line 1: unreachable code after return statement
1511339519099	Marionette	INFO	New connections will no longer be accepted
[Child 11192] ###!!! ABORT: Aborting on channel error.: file c:/builds/moz2_slave/m-esr52-w64-000000000000000000/build/src/ipc/glue/MessageChannel.cpp, line 2152
1511341387897	geckodriver	INFO	Listening on 127.0.0.1:14761
1511341389889	mozprofile::profile	INFO	Using profile path C:\Users\shj\AppData\Local\Temp\rust_mozprofile.ILWlFCdBBsXe
1511341389895	geckodriver::marionette	INFO	Starting browser C:\Program Files\Mozilla Firefox\firefox.exe
1511341389925	geckodriver::marionette	INFO	Connecting to Marionette on localhost:14776
1511341391420	Marionette	INFO	Listening on port 14776
1511341392468	Marionette	WARN	TLS certificate errors will be ignored for this session
JavaScript error: https://ss1.bdstatic.com/5eN1bjq8AAUYm2zgoY3K/r/www/cache/static/protocol/https/plugins/every_cookie_4644b13.js, line 4: ReferenceError: c is not defined
JavaScript error: https://sp0.baidu.com/5a1Fazu8AA54nxGko9WTAnF6hhy/su?wd=python&json=1&p=3&sid=1422_24885_21086_25178_22157&req=2&csor=6&pwd=pytho&cb=jQuery1102024328807620092363_1511341394927&_=1511341394934, line 1: TypeError: jQuery1102024328807620092363_1511341394927 is not a function
1511341436696	geckodriver	INFO	Listening on 127.0.0.1:15132
1511341438690	mozprofile::profile	INFO	Using profile path C:\Users\shj\AppData\Local\Temp\rust_mozprofile.r2T33tYM54CS
1511341438698	geckodriver::marionette	INFO	Starting browser C:\Program Files\Mozilla Firefox\firefox.exe
1511341438738	geckodriver::marionette	INFO	Connecting to Marionette on localhost:15146
1511341440107	Marionette	INFO	Listening on port 15146
1511341441180	Marionette	WARN	TLS certificate errors will be ignored for this session
[Child 9160] WARNING: pipe error: 109: file c:/builds/moz2_slave/m-esr52-w64-000000000000000000/build/src/ipc/chromium/src/chrome/common/ipc_channel_win.cc, line 345
mEJxNIdtSZ2
1511341554803	geckodriver::marionette	INFO	Starting browser C:\Program Files\Mozilla Firefox\firefox.exe
1511341554862	geckodriver::marionette	INFO	Connecting to Marionette on localhost:15846
1511341556244	Marionette	INFO	Listening on port 15846
1511341557384	Marionette	WARN	TLS certificate errors will be ignored for this session
[Child 9560] WARNING: pipe error: 109: file c:/builds/moz2_slave/m-esr52-w64-000000000000000000/build/src/ipc/chromium/src/chrome/common/ipc_channel_win.cc, line 345
UwElZx1Q3nm
1511341614049	geckodriver::marionette	INFO	Starting browser C:\Program Files\Mozilla Firefox\firefox.exe
1511341614096	geckodriver::marionette	INFO	Connecting to Marionette on localhost:16323
1511341615538	Marionette	INFO	Listening on port 16323
1511341616581	Marionette	WARN	TLS certificate errors will be ignored for this session
[Child 9264] WARNING: pipe error: 109: file c:/builds/moz2_slave/m-esr52-w64-000000000000000000/build/src/ipc/chromium/src/chrome/common/ipc_channel_win.cc, line 345
[Child 9264] WARNING: pipe error: 109: file c:/builds/moz2_slave/m-esr52-w64-000000000000000000/build/src/ipc/chromium/src/chrome/common/ipc_channel_win.cc, line 345
ing to Marionette on localhost:17953
1511341880439	Marionette	INFO	Listening on port 17953
1511341881603	Marionette	WARN	TLS certificate errors will be ignored for this session
[Child 17372] ###!!! ABORT: Aborting on channel error.: file c:/builds/moz2_slave/m-esr52-w64-000000000000000000/build/src/ipc/glue/MessageChannel.cpp, line 2152
1511341913229	geckodriver	INFO	Listening on 127.0.0.1:18270
1511341915223	mozprofile::profile	INFO	Using profile path C:\Users\shj\AppData\Local\Temp\rust_mozprofile.7Sa1GLPe5gSz
1511341915253	geckodriver::marionette	INFO	Starting browser C:\Program Files\Mozilla Firefox\firefox.exe
1511341915317	geckodriver::marionette	INFO	Connecting to Marionette on localhost:18277
1511341916608	Marionette	INFO	Listening on port 18277
1511341917656	Marionette	WARN	TLS certificate errors will be ignored for this session
JavaScript error: https://ss1.bdstatic.com/5eN1bjq8AAUYm2zgoY3K/r/www/cache/static/protocol/https/plugins/every_cookie_4644b13.js, line 4: ReferenceError: c is not defined
[Child 16756] WARNING: pipe error: 109: file c:/builds/moz2_slave/m-esr52-w64-000000000000000000/build/src/ipc/chromium/src/chrome/common/ipc_channel_win.cc, line 345
1511345070376	geckodriver	INFO	Listening on 127.0.0.1:37175
1511345072370	mozprofile::profile	INFO	Using profile path C:\Users\shj\AppData\Local\Temp\rust_mozprofile.WFd9mTIU5mMa
1511345072378	geckodriver::marionette	INFO	Starting browser C:\Program Files\Mozilla Firefox\firefox.exe
1511345072436	geckodriver::marionette	INFO	Connecting to Marionette on localhost:37181
1511345073924	Marionette	INFO	Listening on port 37181
1511345075065	Marionette	WARN	TLS certificate errors will be ignored for this session
1511345156109	addons.productaddons	WARN	Failed downloading XML, status: 0, reason: timeout
console.error: 
  Protocol error (noSuchActor): No such actor for ID: server1.conn0.child1/highlighter31
1511486667471	geckodriver	INFO	Listening on 127.0.0.1:58536
1511486669419	mozprofile::profile	INFO	Using profile path C:\Users\shj\AppData\Local\Temp\rust_mozprofile.AppM1zKqpcwv
1511486669421	geckodriver::marionette	INFO	Starting browser C:\Program Files\Mozilla Firefox\firefox.exe
1511486669512	geckodriver::marionette	INFO	Connecting to Marionette on localhost:58542
1511486670713	Marionette	INFO	Listening on port 58542
1511486671535	Marionette	WARN	TLS certificate errors will be ignored for this session
[Child 25504] WARNING: pipe error: 109: file c:/builds/moz2_slave/m-esr52-w64-000000000000000000/build/src/ipc/chromium/src/chrome/common/ipc_channel_win.cc, line 345
[Child 25504] WARNING: pipe error: 109: file c:/builds/moz2_slave/m-esr52-w64-000000000000000000/build/src/ipc/chromium/src/chrome/common/ipc_channel_win.cc, line 345
